2024-03-04T17:00:00.177Z [Exchange] error: No active provider found.
2024-03-04T17:00:05.187Z [Exchange] error: No active provider found.
2024-03-04T17:00:07.032Z [Exchange] info: Reconnection failed, Trying again...
2024-03-04T17:00:07.034Z [Exchange] error: Max retries reached. Reconnection failed.
2024-03-04T17:00:10.189Z [Exchange] error: No active provider found.
2024-03-04T17:00:15.191Z [Exchange] error: No active provider found.
2024-03-04T17:00:20.193Z [Exchange] error: No active provider found.
2024-03-04T17:00:25.195Z [Exchange] error: No active provider found.
2024-03-04T17:00:30.197Z [Exchange] error: No active provider found.
2024-03-04T17:00:35.199Z [Exchange] error: No active provider found.
2024-03-04T17:00:40.201Z [Exchange] error: No active provider found.
2024-03-04T17:00:45.203Z [Exchange] error: No active provider found.
2024-03-04T17:00:50.205Z [Exchange] error: No active provider found.
2024-03-04T17:00:55.206Z [Exchange] error: No active provider found.
2024-03-04T17:01:00.208Z [Exchange] error: No active provider found.
2024-03-04T17:01:05.210Z [Exchange] error: No active provider found.
2024-03-04T17:01:10.212Z [Exchange] error: No active provider found.
2024-03-04T17:01:15.214Z [Exchange] error: No active provider found.
2024-03-04T17:01:20.216Z [Exchange] error: No active provider found.
2024-03-04T17:01:25.218Z [Exchange] error: No active provider found.
2024-03-04T17:01:30.219Z [Exchange] error: No active provider found.
2024-03-04T17:01:35.221Z [Exchange] error: No active provider found.
2024-03-04T17:01:40.223Z [Exchange] error: No active provider found.
2024-03-04T17:01:45.225Z [Exchange] error: No active provider found.
2024-03-04T17:01:50.227Z [Exchange] error: No active provider found.
2024-03-04T17:01:55.229Z [Exchange] error: No active provider found.
2024-03-04T17:02:00.230Z [Exchange] error: No active provider found.
2024-03-04T17:02:05.029Z [Exchange] error: No active provider found.
2024-03-04T17:02:05.029Z [Exchange] info: Exchange failed to initialize
2024-03-04T17:02:05.029Z [Exchange] error: No active provider found.
2024-03-04T17:02:05.232Z [Exchange] error: No active provider found.
2024-03-04T17:02:07.028Z [Exchange] info: Reconnection failed, Trying again...
2024-03-04T17:02:07.029Z [Exchange] error: No active provider found.
2024-03-04T17:02:07.030Z [Exchange] info: Exchange failed to initialize
2024-03-04T17:02:07.030Z [Exchange] error: No active provider found.
2024-03-04T17:02:10.234Z [Exchange] error: No active provider found.
2024-03-04T17:02:11.029Z [Exchange] info: Reconnection failed, Trying again...
2024-03-04T17:02:11.030Z [Exchange] error: No active provider found.
2024-03-04T17:02:11.030Z [Exchange] info: Exchange failed to initialize
2024-03-04T17:02:11.031Z [Exchange] error: No active provider found.
2024-03-04T17:02:15.235Z [Exchange] error: No active provider found.
2024-03-04T17:02:19.030Z [Exchange] info: Reconnection failed, Trying again...
2024-03-04T17:02:19.031Z [Exchange] error: No active provider found.
2024-03-04T17:02:19.031Z [Exchange] info: Exchange failed to initialize
2024-03-04T17:02:19.031Z [Exchange] error: No active provider found.
2024-03-04T17:02:20.237Z [Exchange] error: No active provider found.
2024-03-04T17:02:25.239Z [Exchange] error: No active provider found.
2024-03-04T17:02:30.242Z [Exchange] error: No active provider found.
2024-03-04T17:02:35.031Z [Exchange] info: Reconnection failed, Trying again...
2024-03-04T17:02:35.033Z [Exchange] error: No active provider found.
2024-03-04T17:02:35.033Z [Exchange] info: Exchange failed to initialize
2024-03-04T17:02:35.033Z [Exchange] error: No active provider found.
2024-03-04T17:02:35.244Z [Exchange] error: No active provider found.
2024-03-04T17:02:40.246Z [Exchange] error: No active provider found.
2024-03-04T17:02:45.248Z [Exchange] error: No active provider found.
2024-03-04T17:02:50.250Z [Exchange] error: No active provider found.
2024-03-04T17:02:55.252Z [Exchange] error: No active provider found.
2024-03-04T17:03:00.254Z [Exchange] error: No active provider found.
2024-03-04T17:03:05.256Z [Exchange] error: No active provider found.
2024-03-04T17:03:07.032Z [Exchange] info: Reconnection failed, Trying again...
2024-03-04T17:03:07.032Z [Exchange] error: Max retries reached. Reconnection failed.
2024-03-04T17:03:10.258Z [Exchange] error: No active provider found.
2024-03-04T17:03:15.259Z [Exchange] error: No active provider found.
2024-03-04T17:03:20.261Z [Exchange] error: No active provider found.
2024-03-04T17:03:25.263Z [Exchange] error: No active provider found.
2024-03-04T17:03:30.265Z [Exchange] error: No active provider found.
2024-03-04T17:03:35.267Z [Exchange] error: No active provider found.
2024-03-04T17:03:40.269Z [Exchange] error: No active provider found.
2024-03-04T17:03:45.271Z [Exchange] error: No active provider found.
2024-03-04T17:03:50.272Z [Exchange] error: No active provider found.
2024-03-04T17:03:55.274Z [Exchange] error: No active provider found.
2024-03-04T17:04:00.275Z [Exchange] error: No active provider found.
2024-03-04T17:04:05.277Z [Exchange] error: No active provider found.
2024-03-04T17:04:10.279Z [Exchange] error: No active provider found.
2024-03-04T17:04:15.281Z [Exchange] error: No active provider found.
2024-03-04T17:04:20.284Z [Exchange] error: No active provider found.
2024-03-04T17:04:25.285Z [Exchange] error: No active provider found.
2024-03-04T17:04:30.287Z [Exchange] error: No active provider found.
2024-03-04T17:04:35.289Z [Exchange] error: No active provider found.
2024-03-04T17:04:40.291Z [Exchange] error: No active provider found.
2024-03-04T17:04:45.293Z [Exchange] error: No active provider found.
2024-03-04T17:04:50.295Z [Exchange] error: No active provider found.
2024-03-04T17:04:55.297Z [Exchange] error: No active provider found.
2024-03-04T17:05:00.299Z [Exchange] error: No active provider found.
2024-03-04T17:05:05.028Z [Exchange] error: No active provider found.
2024-03-04T17:05:05.029Z [Exchange] info: Exchange failed to initialize
2024-03-04T17:05:05.028Z [Exchange] error: No active provider found.
2024-03-04T17:05:05.301Z [Exchange] error: No active provider found.
2024-03-04T17:05:07.027Z [Exchange] info: Reconnection failed, Trying again...
2024-03-04T17:05:07.029Z [Exchange] error: No active provider found.
2024-03-04T17:05:07.029Z [Exchange] info: Exchange failed to initialize
2024-03-04T17:05:07.029Z [Exchange] error: No active provider found.
2024-03-04T17:05:10.303Z [Exchange] error: No active provider found.
2024-03-04T17:05:11.028Z [Exchange] info: Reconnection failed, Trying again...
2024-03-04T17:05:11.030Z [Exchange] error: No active provider found.
2024-03-04T17:05:11.030Z [Exchange] info: Exchange failed to initialize
2024-03-04T17:05:11.030Z [Exchange] error: No active provider found.
2024-03-04T17:05:15.305Z [Exchange] error: No active provider found.
2024-03-04T17:05:19.029Z [Exchange] info: Reconnection failed, Trying again...
2024-03-04T17:05:19.030Z [Exchange] error: No active provider found.
2024-03-04T17:05:19.030Z [Exchange] info: Exchange failed to initialize
2024-03-04T17:05:19.030Z [Exchange] error: No active provider found.
2024-03-04T17:05:20.307Z [Exchange] error: No active provider found.
2024-03-04T17:05:25.310Z [Exchange] error: No active provider found.
2024-03-04T17:05:30.312Z [Exchange] error: No active provider found.
2024-03-04T17:05:35.030Z [Exchange] info: Reconnection failed, Trying again...
2024-03-04T17:05:35.031Z [Exchange] error: No active provider found.
2024-03-04T17:05:35.031Z [Exchange] info: Exchange failed to initialize
2024-03-04T17:05:35.031Z [Exchange] error: No active provider found.
2024-03-04T17:05:35.314Z [Exchange] error: No active provider found.
2024-03-04T17:05:40.316Z [Exchange] error: No active provider found.
2024-03-04T17:05:45.318Z [Exchange] error: No active provider found.
2024-03-04T17:05:50.320Z [Exchange] error: No active provider found.
2024-03-04T17:05:55.322Z [Exchange] error: No active provider found.
2024-03-04T17:06:00.323Z [Exchange] error: No active provider found.
2024-03-04T17:06:05.325Z [Exchange] error: No active provider found.
2024-03-04T17:06:07.031Z [Exchange] info: Reconnection failed, Trying again...
2024-03-04T17:06:07.031Z [Exchange] error: Max retries reached. Reconnection failed.
2024-03-04T17:06:10.327Z [Exchange] error: No active provider found.
2024-03-04T17:06:15.328Z [Exchange] error: No active provider found.
2024-03-04T17:06:20.330Z [Exchange] error: No active provider found.
2024-03-04T17:06:25.332Z [Exchange] error: No active provider found.
2024-03-04T17:06:30.334Z [Exchange] error: No active provider found.
2024-03-04T17:06:35.336Z [Exchange] error: No active provider found.
2024-03-04T17:06:40.337Z [Exchange] error: No active provider found.
2024-03-04T17:06:45.339Z [Exchange] error: No active provider found.
2024-03-04T17:06:50.341Z [Exchange] error: No active provider found.
2024-03-04T17:06:55.343Z [Exchange] error: No active provider found.
2024-03-04T17:07:00.345Z [Exchange] error: No active provider found.
2024-03-04T17:07:05.347Z [Exchange] error: No active provider found.
2024-03-04T17:07:10.349Z [Exchange] error: No active provider found.
2024-03-04T17:07:15.351Z [Exchange] error: No active provider found.
2024-03-04T17:07:20.352Z [Exchange] error: No active provider found.
2024-03-04T17:07:25.354Z [Exchange] error: No active provider found.
2024-03-04T17:07:30.356Z [Exchange] error: No active provider found.
2024-03-04T17:07:35.357Z [Exchange] error: No active provider found.
2024-03-04T17:07:40.359Z [Exchange] error: No active provider found.
2024-03-04T17:07:45.361Z [Exchange] error: No active provider found.
2024-03-04T17:07:50.364Z [Exchange] error: No active provider found.
2024-03-04T17:07:55.365Z [Exchange] error: No active provider found.
2024-03-04T17:08:00.368Z [Exchange] error: No active provider found.
2024-03-04T17:08:05.029Z [Exchange] error: No active provider found.
2024-03-04T17:08:05.029Z [Exchange] info: Exchange failed to initialize
2024-03-04T17:08:05.029Z [Exchange] error: No active provider found.
2024-03-04T17:08:05.370Z [Exchange] error: No active provider found.
2024-03-04T17:08:07.028Z [Exchange] info: Reconnection failed, Trying again...
2024-03-04T17:08:07.029Z [Exchange] error: No active provider found.
2024-03-04T17:08:07.029Z [Exchange] info: Exchange failed to initialize
2024-03-04T17:08:07.029Z [Exchange] error: No active provider found.
2024-03-04T17:08:10.373Z [Exchange] error: No active provider found.
2024-03-04T17:08:11.028Z [Exchange] info: Reconnection failed, Trying again...
2024-03-04T17:08:11.029Z [Exchange] error: No active provider found.
2024-03-04T17:08:11.029Z [Exchange] info: Exchange failed to initialize
2024-03-04T17:08:11.029Z [Exchange] error: No active provider found.
2024-03-04T17:08:15.375Z [Exchange] error: No active provider found.
2024-03-04T17:08:19.029Z [Exchange] info: Reconnection failed, Trying again...
2024-03-04T17:08:19.030Z [Exchange] error: No active provider found.
2024-03-04T17:08:19.031Z [Exchange] info: Exchange failed to initialize
2024-03-04T17:08:19.031Z [Exchange] error: No active provider found.
2024-03-04T17:08:20.377Z [Exchange] error: No active provider found.
2024-03-04T17:08:25.378Z [Exchange] error: No active provider found.
2024-03-04T17:08:30.380Z [Exchange] error: No active provider found.
2024-03-04T17:08:35.031Z [Exchange] info: Reconnection failed, Trying again...
2024-03-04T17:08:35.032Z [Exchange] error: No active provider found.
2024-03-04T17:08:35.033Z [Exchange] info: Exchange failed to initialize
2024-03-04T17:08:35.033Z [Exchange] error: No active provider found.
2024-03-04T17:08:35.382Z [Exchange] error: No active provider found.
2024-03-04T17:08:40.385Z [Exchange] error: No active provider found.
2024-03-04T17:08:45.387Z [Exchange] error: No active provider found.
2024-03-04T17:08:50.389Z [Exchange] error: No active provider found.
2024-03-04T17:08:55.391Z [Exchange] error: No active provider found.
2024-03-04T17:09:00.393Z [Exchange] error: No active provider found.
2024-03-04T17:09:05.396Z [Exchange] error: No active provider found.
2024-03-04T17:09:07.032Z [Exchange] info: Reconnection failed, Trying again...
2024-03-04T17:09:07.032Z [Exchange] error: Max retries reached. Reconnection failed.
2024-03-04T17:09:10.398Z [Exchange] error: No active provider found.
2024-03-04T17:09:15.399Z [Exchange] error: No active provider found.
2024-03-04T17:09:20.401Z [Exchange] error: No active provider found.
2024-03-04T17:09:25.403Z [Exchange] error: No active provider found.
2024-03-04T17:09:30.405Z [Exchange] error: No active provider found.
2024-03-04T17:09:35.407Z [Exchange] error: No active provider found.
2024-03-04T17:09:40.409Z [Exchange] error: No active provider found.
2024-03-04T17:09:45.412Z [Exchange] error: No active provider found.
2024-03-04T17:09:50.414Z [Exchange] error: No active provider found.
2024-03-04T17:09:55.415Z [Exchange] error: No active provider found.
2024-03-04T17:10:00.417Z [Exchange] error: No active provider found.
2024-03-04T17:10:05.420Z [Exchange] error: No active provider found.
2024-03-04T17:10:10.422Z [Exchange] error: No active provider found.
2024-03-04T17:10:15.424Z [Exchange] error: No active provider found.
2024-03-04T17:10:20.426Z [Exchange] error: No active provider found.
2024-03-04T17:10:25.428Z [Exchange] error: No active provider found.
2024-03-04T17:10:30.430Z [Exchange] error: No active provider found.
2024-03-04T17:10:35.431Z [Exchange] error: No active provider found.
2024-03-04T17:10:40.433Z [Exchange] error: No active provider found.
2024-03-04T17:10:45.435Z [Exchange] error: No active provider found.
2024-03-04T17:10:50.437Z [Exchange] error: No active provider found.
2024-03-04T17:10:55.439Z [Exchange] error: No active provider found.
2024-03-04T17:11:00.441Z [Exchange] error: No active provider found.
2024-03-04T17:11:05.028Z [Exchange] error: No active provider found.
2024-03-04T17:11:05.028Z [Exchange] error: No active provider found.
2024-03-04T17:11:05.029Z [Exchange] info: Exchange failed to initialize
2024-03-04T17:11:05.443Z [Exchange] error: No active provider found.
2024-03-04T17:11:07.027Z [Exchange] info: Reconnection failed, Trying again...
2024-03-04T17:11:07.029Z [Exchange] error: No active provider found.
2024-03-04T17:11:07.029Z [Exchange] info: Exchange failed to initialize
2024-03-04T17:11:07.029Z [Exchange] error: No active provider found.
2024-03-04T17:11:10.445Z [Exchange] error: No active provider found.
2024-03-04T17:11:11.029Z [Exchange] info: Reconnection failed, Trying again...
2024-03-04T17:11:11.036Z [Exchange] error: No active provider found.
2024-03-04T17:11:11.036Z [Exchange] info: Exchange failed to initialize
2024-03-04T17:11:11.037Z [Exchange] error: No active provider found.
2024-03-04T17:11:15.447Z [Exchange] error: No active provider found.
2024-03-04T17:11:19.032Z [Exchange] info: Reconnection failed, Trying again...
2024-03-04T17:11:19.033Z [Exchange] error: No active provider found.
2024-03-04T17:11:19.034Z [Exchange] info: Exchange failed to initialize
2024-03-04T17:11:19.034Z [Exchange] error: No active provider found.
2024-03-04T17:11:20.449Z [Exchange] error: No active provider found.
2024-03-04T17:11:25.452Z [Exchange] error: No active provider found.
2024-03-04T17:11:30.453Z [Exchange] error: No active provider found.
2024-03-04T17:11:35.033Z [Exchange] info: Reconnection failed, Trying again...
2024-03-04T17:11:35.035Z [Exchange] error: No active provider found.
2024-03-04T17:11:35.035Z [Exchange] info: Exchange failed to initialize
2024-03-04T17:11:35.035Z [Exchange] error: No active provider found.
2024-03-04T17:11:35.455Z [Exchange] error: No active provider found.
2024-03-04T17:11:40.457Z [Exchange] error: No active provider found.
2024-03-04T17:11:45.458Z [Exchange] error: No active provider found.
2024-03-04T17:11:50.460Z [Exchange] error: No active provider found.
2024-03-04T17:11:55.462Z [Exchange] error: No active provider found.
2024-03-04T17:12:00.463Z [Exchange] error: No active provider found.
2024-03-04T17:12:05.466Z [Exchange] error: No active provider found.
2024-03-04T17:12:07.034Z [Exchange] info: Reconnection failed, Trying again...
2024-03-04T17:12:07.034Z [Exchange] error: Max retries reached. Reconnection failed.
2024-03-04T17:12:10.467Z [Exchange] error: No active provider found.
2024-03-04T17:12:15.468Z [Exchange] error: No active provider found.
2024-03-04T17:12:20.480Z [Exchange] error: No active provider found.
2024-03-04T17:12:25.486Z [Exchange] error: No active provider found.
2024-03-04T17:12:30.488Z [Exchange] error: No active provider found.
2024-03-04T17:12:35.490Z [Exchange] error: No active provider found.
2024-03-04T17:12:40.491Z [Exchange] error: No active provider found.
2024-03-04T17:12:45.493Z [Exchange] error: No active provider found.
2024-03-04T17:12:50.495Z [Exchange] error: No active provider found.
2024-03-04T17:12:55.497Z [Exchange] error: No active provider found.
2024-03-04T17:13:00.500Z [Exchange] error: No active provider found.
2024-03-04T17:13:05.501Z [Exchange] error: No active provider found.
2024-03-04T17:13:10.503Z [Exchange] error: No active provider found.
2024-03-04T17:13:15.505Z [Exchange] error: No active provider found.
2024-03-04T17:13:20.507Z [Exchange] error: No active provider found.
2024-03-04T17:13:25.509Z [Exchange] error: No active provider found.
2024-03-04T17:13:30.511Z [Exchange] error: No active provider found.
2024-03-04T17:13:35.513Z [Exchange] error: No active provider found.
2024-03-04T17:13:40.515Z [Exchange] error: No active provider found.
2024-03-04T17:13:45.517Z [Exchange] error: No active provider found.
2024-03-04T17:13:50.519Z [Exchange] error: No active provider found.
2024-03-04T17:13:55.521Z [Exchange] error: No active provider found.
2024-03-04T17:14:00.523Z [Exchange] error: No active provider found.
2024-03-04T17:14:05.028Z [Exchange] error: No active provider found.
2024-03-04T17:14:05.029Z [Exchange] info: Exchange failed to initialize
2024-03-04T17:14:05.029Z [Exchange] error: No active provider found.
2024-03-04T17:14:05.525Z [Exchange] error: No active provider found.
2024-03-04T17:14:07.028Z [Exchange] info: Reconnection failed, Trying again...
2024-03-04T17:14:07.030Z [Exchange] error: No active provider found.
2024-03-04T17:14:07.030Z [Exchange] error: No active provider found.
2024-03-04T17:14:07.030Z [Exchange] info: Exchange failed to initialize
2024-03-04T17:14:10.527Z [Exchange] error: No active provider found.
2024-03-04T17:14:11.029Z [Exchange] info: Reconnection failed, Trying again...
2024-03-04T17:14:11.030Z [Exchange] error: No active provider found.
2024-03-04T17:14:11.030Z [Exchange] info: Exchange failed to initialize
2024-03-04T17:14:11.030Z [Exchange] error: No active provider found.
2024-03-04T17:14:15.529Z [Exchange] error: No active provider found.
2024-03-04T17:14:19.030Z [Exchange] info: Reconnection failed, Trying again...
2024-03-04T17:14:19.032Z [Exchange] error: No active provider found.
2024-03-04T17:14:19.032Z [Exchange] info: Exchange failed to initialize
2024-03-04T17:14:19.032Z [Exchange] error: No active provider found.
2024-03-04T17:14:20.530Z [Exchange] error: No active provider found.
2024-03-04T17:14:25.532Z [Exchange] error: No active provider found.
2024-03-04T17:14:30.534Z [Exchange] error: No active provider found.
2024-03-04T17:14:35.031Z [Exchange] info: Reconnection failed, Trying again...
2024-03-04T17:14:35.033Z [Exchange] error: No active provider found.
2024-03-04T17:14:35.033Z [Exchange] info: Exchange failed to initialize
2024-03-04T17:14:35.033Z [Exchange] error: No active provider found.
2024-03-04T17:14:35.537Z [Exchange] error: No active provider found.
2024-03-04T17:14:40.539Z [Exchange] error: No active provider found.
2024-03-04T17:14:45.541Z [Exchange] error: No active provider found.
2024-03-04T17:14:50.543Z [Exchange] error: No active provider found.
2024-03-04T17:14:55.553Z [Exchange] error: No active provider found.
2024-03-04T17:15:00.556Z [Exchange] error: No active provider found.
2024-03-04T17:15:05.558Z [Exchange] error: No active provider found.
2024-03-04T17:15:07.032Z [Exchange] info: Reconnection failed, Trying again...
2024-03-04T17:15:07.032Z [Exchange] error: Max retries reached. Reconnection failed.
2024-03-04T17:15:10.560Z [Exchange] error: No active provider found.
2024-03-04T17:15:15.562Z [Exchange] error: No active provider found.
2024-03-04T17:15:20.564Z [Exchange] error: No active provider found.
2024-03-04T17:15:25.567Z [Exchange] error: No active provider found.
2024-03-04T17:15:30.568Z [Exchange] error: No active provider found.
2024-03-04T17:15:35.570Z [Exchange] error: No active provider found.
2024-03-04T17:15:40.572Z [Exchange] error: No active provider found.
2024-03-04T17:15:45.574Z [Exchange] error: No active provider found.
2024-03-04T17:15:50.576Z [Exchange] error: No active provider found.
2024-03-04T17:15:55.578Z [Exchange] error: No active provider found.
2024-03-04T17:16:00.581Z [Exchange] error: No active provider found.
2024-03-04T17:16:05.582Z [Exchange] error: No active provider found.
2024-03-04T17:16:10.584Z [Exchange] error: No active provider found.
2024-03-04T17:16:15.585Z [Exchange] error: No active provider found.
2024-03-04T17:16:20.587Z [Exchange] error: No active provider found.
2024-03-04T17:16:25.589Z [Exchange] error: No active provider found.
2024-03-04T17:16:30.591Z [Exchange] error: No active provider found.
2024-03-04T17:16:35.594Z [Exchange] error: No active provider found.
2024-03-04T17:16:40.595Z [Exchange] error: No active provider found.
2024-03-04T17:16:45.597Z [Exchange] error: No active provider found.
2024-03-04T17:16:50.599Z [Exchange] error: No active provider found.
2024-03-04T17:16:55.600Z [Exchange] error: No active provider found.
2024-03-04T17:17:00.602Z [Exchange] error: No active provider found.
2024-03-04T17:17:05.029Z [Exchange] error: No active provider found.
2024-03-04T17:17:05.029Z [Exchange] info: Exchange failed to initialize
2024-03-04T17:17:05.029Z [Exchange] error: No active provider found.
2024-03-04T17:17:05.604Z [Exchange] error: No active provider found.
2024-03-04T17:17:07.028Z [Exchange] info: Reconnection failed, Trying again...
2024-03-04T17:17:07.030Z [Exchange] error: No active provider found.
2024-03-04T17:17:07.030Z [Exchange] info: Exchange failed to initialize
2024-03-04T17:17:07.030Z [Exchange] error: No active provider found.
2024-03-04T17:17:10.606Z [Exchange] error: No active provider found.
2024-03-04T17:17:11.030Z [Exchange] info: Reconnection failed, Trying again...
2024-03-04T17:17:11.031Z [Exchange] error: No active provider found.
2024-03-04T17:17:11.031Z [Exchange] info: Exchange failed to initialize
2024-03-04T17:17:11.031Z [Exchange] error: No active provider found.
2024-03-04T17:17:15.609Z [Exchange] error: No active provider found.
2024-03-04T17:17:19.030Z [Exchange] info: Reconnection failed, Trying again...
2024-03-04T17:17:19.032Z [Exchange] error: No active provider found.
2024-03-04T17:17:19.032Z [Exchange] info: Exchange failed to initialize
2024-03-04T17:17:19.032Z [Exchange] error: No active provider found.
2024-03-04T17:17:20.610Z [Exchange] error: No active provider found.
2024-03-04T17:17:25.612Z [Exchange] error: No active provider found.
2024-03-04T17:17:30.614Z [Exchange] error: No active provider found.
2024-03-04T17:17:35.031Z [Exchange] info: Reconnection failed, Trying again...
2024-03-04T17:17:35.032Z [Exchange] error: No active provider found.
2024-03-04T17:17:35.033Z [Exchange] error: No active provider found.
2024-03-04T17:17:35.033Z [Exchange] info: Exchange failed to initialize
2024-03-04T17:17:35.616Z [Exchange] error: No active provider found.
2024-03-04T17:17:40.618Z [Exchange] error: No active provider found.
2024-03-04T17:17:45.620Z [Exchange] error: No active provider found.
2024-03-04T17:17:50.621Z [Exchange] error: No active provider found.
2024-03-04T17:17:55.623Z [Exchange] error: No active provider found.
2024-03-04T17:18:00.625Z [Exchange] error: No active provider found.
2024-03-04T17:18:05.627Z [Exchange] error: No active provider found.
2024-03-04T17:18:07.032Z [Exchange] info: Reconnection failed, Trying again...
2024-03-04T17:18:07.032Z [Exchange] error: Max retries reached. Reconnection failed.
2024-03-04T17:18:10.629Z [Exchange] error: No active provider found.
2024-03-04T17:18:15.630Z [Exchange] error: No active provider found.
2024-03-04T17:18:20.632Z [Exchange] error: No active provider found.
2024-03-04T17:18:25.634Z [Exchange] error: No active provider found.
2024-03-04T17:18:30.636Z [Exchange] error: No active provider found.
2024-03-04T17:18:35.638Z [Exchange] error: No active provider found.
2024-03-04T17:18:40.641Z [Exchange] error: No active provider found.
2024-03-04T17:18:45.642Z [Exchange] error: No active provider found.
2024-03-04T17:18:50.644Z [Exchange] error: No active provider found.
2024-03-04T17:18:55.646Z [Exchange] error: No active provider found.
2024-03-04T17:19:00.649Z [Exchange] error: No active provider found.
2024-03-04T17:19:05.652Z [Exchange] error: No active provider found.
2024-03-04T17:19:10.654Z [Exchange] error: No active provider found.
2024-03-04T17:19:15.657Z [Exchange] error: No active provider found.
2024-03-04T17:19:20.658Z [Exchange] error: No active provider found.
2024-03-04T17:19:25.660Z [Exchange] error: No active provider found.
2024-03-04T17:19:30.662Z [Exchange] error: No active provider found.
2024-03-04T17:19:35.665Z [Exchange] error: No active provider found.
2024-03-04T17:19:40.667Z [Exchange] error: No active provider found.
2024-03-04T17:19:45.669Z [Exchange] error: No active provider found.
2024-03-04T17:19:50.672Z [Exchange] error: No active provider found.
2024-03-04T17:19:55.687Z [Exchange] error: No active provider found.
2024-03-04T17:20:00.694Z [Exchange] error: No active provider found.
2024-03-04T17:20:05.030Z [Exchange] error: No active provider found.
2024-03-04T17:20:05.030Z [Exchange] info: Exchange failed to initialize
2024-03-04T17:20:05.030Z [Exchange] error: No active provider found.
2024-03-04T17:20:05.697Z [Exchange] error: No active provider found.
2024-03-04T17:20:07.029Z [Exchange] info: Reconnection failed, Trying again...
2024-03-04T17:20:07.030Z [Exchange] error: No active provider found.
2024-03-04T17:20:07.030Z [Exchange] info: Exchange failed to initialize
2024-03-04T17:20:07.030Z [Exchange] error: No active provider found.
2024-03-04T17:20:10.698Z [Exchange] error: No active provider found.
2024-03-04T17:20:11.029Z [Exchange] info: Reconnection failed, Trying again...
2024-03-04T17:20:11.030Z [Exchange] error: No active provider found.
2024-03-04T17:20:11.031Z [Exchange] info: Exchange failed to initialize
2024-03-04T17:20:11.031Z [Exchange] error: No active provider found.
2024-03-04T17:20:15.700Z [Exchange] error: No active provider found.
2024-03-04T17:20:19.030Z [Exchange] info: Reconnection failed, Trying again...
2024-03-04T17:20:19.031Z [Exchange] error: No active provider found.
2024-03-04T17:20:19.032Z [Exchange] info: Exchange failed to initialize
2024-03-04T17:20:19.032Z [Exchange] error: No active provider found.
2024-03-04T17:20:20.702Z [Exchange] error: No active provider found.
2024-03-04T17:20:25.705Z [Exchange] error: No active provider found.
2024-03-04T17:20:30.707Z [Exchange] error: No active provider found.
2024-03-04T17:20:35.031Z [Exchange] info: Reconnection failed, Trying again...
2024-03-04T17:20:35.033Z [Exchange] error: No active provider found.
2024-03-04T17:20:35.033Z [Exchange] info: Exchange failed to initialize
2024-03-04T17:20:35.033Z [Exchange] error: No active provider found.
2024-03-04T17:20:35.710Z [Exchange] error: No active provider found.
2024-03-04T17:20:40.712Z [Exchange] error: No active provider found.
2024-03-04T17:20:45.714Z [Exchange] error: No active provider found.
2024-03-04T17:20:50.717Z [Exchange] error: No active provider found.
2024-03-04T17:20:55.718Z [Exchange] error: No active provider found.
2024-03-04T17:21:00.720Z [Exchange] error: No active provider found.
2024-03-04T17:21:05.724Z [Exchange] error: No active provider found.
2024-03-04T17:21:07.032Z [Exchange] info: Reconnection failed, Trying again...
2024-03-04T17:21:07.032Z [Exchange] error: Max retries reached. Reconnection failed.
2024-03-04T17:21:10.726Z [Exchange] error: No active provider found.
2024-03-04T17:21:15.728Z [Exchange] error: No active provider found.
2024-03-04T17:21:20.730Z [Exchange] error: No active provider found.
2024-03-04T17:21:25.733Z [Exchange] error: No active provider found.
2024-03-04T17:21:30.736Z [Exchange] error: No active provider found.
2024-03-04T17:21:35.738Z [Exchange] error: No active provider found.
2024-03-04T17:21:40.740Z [Exchange] error: No active provider found.
2024-03-04T17:21:45.742Z [Exchange] error: No active provider found.
2024-03-04T17:21:50.745Z [Exchange] error: No active provider found.
2024-03-04T17:21:55.747Z [Exchange] error: No active provider found.
2024-03-04T17:22:00.748Z [Exchange] error: No active provider found.
2024-03-04T17:22:05.751Z [Exchange] error: No active provider found.
2024-03-04T17:22:10.753Z [Exchange] error: No active provider found.
2024-03-04T17:22:15.753Z [Exchange] error: No active provider found.
2024-03-04T17:22:20.755Z [Exchange] error: No active provider found.
2024-03-04T17:22:25.757Z [Exchange] error: No active provider found.
2024-03-04T17:22:30.767Z [Exchange] error: No active provider found.
2024-03-04T17:22:35.774Z [Exchange] error: No active provider found.
2024-03-04T17:22:40.776Z [Exchange] error: No active provider found.
2024-03-04T17:22:45.777Z [Exchange] error: No active provider found.
2024-03-04T17:22:50.779Z [Exchange] error: No active provider found.
2024-03-04T17:22:55.780Z [Exchange] error: No active provider found.
2024-03-04T17:23:00.781Z [Exchange] error: No active provider found.
2024-03-04T17:23:05.030Z [Exchange] error: No active provider found.
2024-03-04T17:23:05.030Z [Exchange] error: No active provider found.
2024-03-04T17:23:05.030Z [Exchange] info: Exchange failed to initialize
2024-03-04T17:23:05.783Z [Exchange] error: No active provider found.
2024-03-04T17:23:07.030Z [Exchange] info: Reconnection failed, Trying again...
2024-03-04T17:23:07.031Z [Exchange] error: No active provider found.
2024-03-04T17:23:07.031Z [Exchange] info: Exchange failed to initialize
2024-03-04T17:23:07.031Z [Exchange] error: No active provider found.
2024-03-04T17:23:10.785Z [Exchange] error: No active provider found.
2024-03-04T17:23:11.030Z [Exchange] info: Reconnection failed, Trying again...
2024-03-04T17:23:11.032Z [Exchange] error: No active provider found.
2024-03-04T17:23:11.032Z [Exchange] info: Exchange failed to initialize
2024-03-04T17:23:11.032Z [Exchange] error: No active provider found.
2024-03-04T17:23:15.787Z [Exchange] error: No active provider found.
2024-03-04T17:23:19.031Z [Exchange] info: Reconnection failed, Trying again...
2024-03-04T17:23:19.033Z [Exchange] error: No active provider found.
2024-03-04T17:23:19.033Z [Exchange] info: Exchange failed to initialize
2024-03-04T17:23:19.033Z [Exchange] error: No active provider found.
2024-03-04T17:23:20.789Z [Exchange] error: No active provider found.
2024-03-04T17:23:25.791Z [Exchange] error: No active provider found.
2024-03-04T17:23:30.793Z [Exchange] error: No active provider found.
2024-03-04T17:23:35.032Z [Exchange] info: Reconnection failed, Trying again...
2024-03-04T17:23:35.034Z [Exchange] error: No active provider found.
2024-03-04T17:23:35.034Z [Exchange] info: Exchange failed to initialize
2024-03-04T17:23:35.034Z [Exchange] error: No active provider found.
2024-03-04T17:23:35.794Z [Exchange] error: No active provider found.
2024-03-04T17:23:40.796Z [Exchange] error: No active provider found.
2024-03-04T17:23:45.798Z [Exchange] error: No active provider found.
2024-03-04T17:23:50.800Z [Exchange] error: No active provider found.
2024-03-04T17:23:55.802Z [Exchange] error: No active provider found.
2024-03-04T17:24:00.804Z [Exchange] error: No active provider found.
2024-03-04T17:24:05.806Z [Exchange] error: No active provider found.
2024-03-04T17:24:07.033Z [Exchange] info: Reconnection failed, Trying again...
2024-03-04T17:24:07.033Z [Exchange] error: Max retries reached. Reconnection failed.
2024-03-04T17:24:10.808Z [Exchange] error: No active provider found.
2024-03-04T17:24:15.810Z [Exchange] error: No active provider found.
2024-03-04T17:24:20.811Z [Exchange] error: No active provider found.
2024-03-04T17:24:25.813Z [Exchange] error: No active provider found.
2024-03-04T17:24:30.815Z [Exchange] error: No active provider found.
2024-03-04T17:24:35.817Z [Exchange] error: No active provider found.
2024-03-04T17:24:40.819Z [Exchange] error: No active provider found.
2024-03-04T17:24:45.820Z [Exchange] error: No active provider found.
2024-03-04T17:24:50.822Z [Exchange] error: No active provider found.
2024-03-04T17:24:55.824Z [Exchange] error: No active provider found.
2024-03-04T17:25:00.826Z [Exchange] error: No active provider found.
2024-03-04T17:25:05.828Z [Exchange] error: No active provider found.
2024-03-04T17:25:10.830Z [Exchange] error: No active provider found.
2024-03-04T17:25:15.832Z [Exchange] error: No active provider found.
2024-03-04T17:25:20.835Z [Exchange] error: No active provider found.
2024-03-04T17:25:25.836Z [Exchange] error: No active provider found.
2024-03-04T17:25:30.838Z [Exchange] error: No active provider found.
2024-03-04T17:25:35.840Z [Exchange] error: No active provider found.
2024-03-04T17:25:40.841Z [Exchange] error: No active provider found.
2024-03-04T17:25:45.843Z [Exchange] error: No active provider found.
2024-03-04T17:25:50.845Z [Exchange] error: No active provider found.
2024-03-04T17:25:55.847Z [Exchange] error: No active provider found.
2024-03-04T17:26:00.849Z [Exchange] error: No active provider found.
2024-03-04T17:26:05.031Z [Exchange] error: No active provider found.
2024-03-04T17:26:05.031Z [Exchange] info: Exchange failed to initialize
2024-03-04T17:26:05.031Z [Exchange] error: No active provider found.
2024-03-04T17:26:05.851Z [Exchange] error: No active provider found.
2024-03-04T17:26:07.032Z [Exchange] info: Reconnection failed, Trying again...
2024-03-04T17:26:07.037Z [Exchange] error: No active provider found.
2024-03-04T17:26:07.037Z [Exchange] info: Exchange failed to initialize
2024-03-04T17:26:07.037Z [Exchange] error: No active provider found.
2024-03-04T17:26:10.853Z [Exchange] error: No active provider found.
2024-03-04T17:26:11.035Z [Exchange] info: Reconnection failed, Trying again...
2024-03-04T17:26:11.036Z [Exchange] error: No active provider found.
2024-03-04T17:26:11.037Z [Exchange] info: Exchange failed to initialize
2024-03-04T17:26:11.037Z [Exchange] error: No active provider found.
2024-03-04T17:26:15.854Z [Exchange] error: No active provider found.
2024-03-04T17:26:19.036Z [Exchange] info: Reconnection failed, Trying again...
2024-03-04T17:26:19.038Z [Exchange] error: No active provider found.
2024-03-04T17:26:19.038Z [Exchange] info: Exchange failed to initialize
2024-03-04T17:26:19.038Z [Exchange] error: No active provider found.
2024-03-04T17:26:20.855Z [Exchange] error: No active provider found.
2024-03-04T17:26:25.858Z [Exchange] error: No active provider found.
2024-03-04T17:26:30.859Z [Exchange] error: No active provider found.
2024-03-04T17:26:35.037Z [Exchange] info: Reconnection failed, Trying again...
2024-03-04T17:26:35.038Z [Exchange] error: No active provider found.
2024-03-04T17:26:35.038Z [Exchange] info: Exchange failed to initialize
2024-03-04T17:26:35.038Z [Exchange] error: No active provider found.
2024-03-04T17:26:35.861Z [Exchange] error: No active provider found.
2024-03-04T17:26:40.863Z [Exchange] error: No active provider found.
2024-03-04T17:26:45.866Z [Exchange] error: No active provider found.
2024-03-04T17:26:50.868Z [Exchange] error: No active provider found.
2024-03-04T17:26:55.870Z [Exchange] error: No active provider found.
2024-03-04T17:27:00.872Z [Exchange] error: No active provider found.
2024-03-04T17:27:05.875Z [Exchange] error: No active provider found.
2024-03-04T17:27:07.037Z [Exchange] info: Reconnection failed, Trying again...
2024-03-04T17:27:07.038Z [Exchange] error: Max retries reached. Reconnection failed.
2024-03-04T17:27:10.877Z [Exchange] error: No active provider found.
2024-03-04T17:27:15.879Z [Exchange] error: No active provider found.
2024-03-04T17:27:20.881Z [Exchange] error: No active provider found.
2024-03-04T17:27:25.883Z [Exchange] error: No active provider found.
2024-03-04T17:27:30.885Z [Exchange] error: No active provider found.
2024-03-04T17:27:35.887Z [Exchange] error: No active provider found.
2024-03-04T17:27:40.890Z [Exchange] error: No active provider found.
2024-03-04T17:27:45.891Z [Exchange] error: No active provider found.
2024-03-04T17:27:50.893Z [Exchange] error: No active provider found.
2024-03-04T17:27:55.896Z [Exchange] error: No active provider found.
2024-03-04T17:28:00.898Z [Exchange] error: No active provider found.
2024-03-04T17:28:05.901Z [Exchange] error: No active provider found.
2024-03-04T17:28:10.903Z [Exchange] error: No active provider found.
2024-03-04T17:28:15.905Z [Exchange] error: No active provider found.
2024-03-04T17:28:20.907Z [Exchange] error: No active provider found.
2024-03-04T17:28:25.909Z [Exchange] error: No active provider found.
2024-03-04T17:28:30.911Z [Exchange] error: No active provider found.
2024-03-04T17:28:35.913Z [Exchange] error: No active provider found.
2024-03-04T17:28:40.915Z [Exchange] error: No active provider found.
2024-03-04T17:28:45.917Z [Exchange] error: No active provider found.
2024-03-04T17:28:50.919Z [Exchange] error: No active provider found.
2024-03-04T17:28:55.921Z [Exchange] error: No active provider found.
2024-03-04T17:29:00.923Z [Exchange] error: No active provider found.
2024-03-04T17:29:05.032Z [Exchange] error: No active provider found.
2024-03-04T17:29:05.032Z [Exchange] info: Exchange failed to initialize
2024-03-04T17:29:05.032Z [Exchange] error: No active provider found.
2024-03-04T17:29:05.925Z [Exchange] error: No active provider found.
2024-03-04T17:29:07.031Z [Exchange] info: Reconnection failed, Trying again...
2024-03-04T17:29:07.032Z [Exchange] error: No active provider found.
2024-03-04T17:29:07.033Z [Exchange] info: Exchange failed to initialize
2024-03-04T17:29:07.033Z [Exchange] error: No active provider found.
2024-03-04T17:29:10.927Z [Exchange] error: No active provider found.
2024-03-04T17:29:11.032Z [Exchange] info: Reconnection failed, Trying again...
2024-03-04T17:29:11.033Z [Exchange] error: No active provider found.
2024-03-04T17:29:11.033Z [Exchange] info: Exchange failed to initialize
2024-03-04T17:29:11.033Z [Exchange] error: No active provider found.
2024-03-04T17:29:15.929Z [Exchange] error: No active provider found.
2024-03-04T17:29:19.033Z [Exchange] info: Reconnection failed, Trying again...
2024-03-04T17:29:19.034Z [Exchange] error: No active provider found.
2024-03-04T17:29:19.034Z [Exchange] info: Exchange failed to initialize
2024-03-04T17:29:19.034Z [Exchange] error: No active provider found.
2024-03-04T17:29:20.931Z [Exchange] error: No active provider found.
2024-03-04T17:29:25.933Z [Exchange] error: No active provider found.
2024-03-04T17:29:30.935Z [Exchange] error: No active provider found.
2024-03-04T17:29:35.034Z [Exchange] info: Reconnection failed, Trying again...
2024-03-04T17:29:35.036Z [Exchange] error: No active provider found.
2024-03-04T17:29:35.036Z [Exchange] info: Exchange failed to initialize
2024-03-04T17:29:35.036Z [Exchange] error: No active provider found.
2024-03-04T17:29:35.937Z [Exchange] error: No active provider found.
2024-03-04T17:29:40.938Z [Exchange] error: No active provider found.
2024-03-04T17:29:45.940Z [Exchange] error: No active provider found.
2024-03-04T17:29:50.942Z [Exchange] error: No active provider found.
2024-03-04T17:29:55.944Z [Exchange] error: No active provider found.
2024-03-04T17:30:00.946Z [Exchange] error: No active provider found.
2024-03-04T17:30:05.948Z [Exchange] error: No active provider found.
2024-03-04T17:30:07.035Z [Exchange] info: Reconnection failed, Trying again...
2024-03-04T17:30:07.035Z [Exchange] error: Max retries reached. Reconnection failed.
2024-03-04T17:30:10.949Z [Exchange] error: No active provider found.
2024-03-04T17:30:15.951Z [Exchange] error: No active provider found.
2024-03-04T17:30:20.953Z [Exchange] error: No active provider found.
2024-03-04T17:30:25.955Z [Exchange] error: No active provider found.
2024-03-04T17:30:30.957Z [Exchange] error: No active provider found.
2024-03-04T17:30:35.959Z [Exchange] error: No active provider found.
2024-03-04T17:30:40.961Z [Exchange] error: No active provider found.
2024-03-04T17:30:45.963Z [Exchange] error: No active provider found.
2024-03-04T17:30:50.965Z [Exchange] error: No active provider found.
2024-03-04T17:30:55.967Z [Exchange] error: No active provider found.
2024-03-04T17:31:00.968Z [Exchange] error: No active provider found.
2024-03-04T17:31:05.970Z [Exchange] error: No active provider found.
2024-03-04T17:31:10.971Z [Exchange] error: No active provider found.
2024-03-04T17:31:15.973Z [Exchange] error: No active provider found.
2024-03-04T17:31:20.975Z [Exchange] error: No active provider found.
2024-03-04T17:31:25.977Z [Exchange] error: No active provider found.
2024-03-04T17:31:30.988Z [Exchange] error: No active provider found.
2024-03-04T17:31:35.990Z [Exchange] error: No active provider found.
2024-03-04T17:31:40.993Z [Exchange] error: No active provider found.
2024-03-04T17:31:45.995Z [Exchange] error: No active provider found.
2024-03-04T17:31:50.998Z [Exchange] error: No active provider found.
2024-03-04T17:31:56.001Z [Exchange] error: No active provider found.
2024-03-04T17:32:01.002Z [Exchange] error: No active provider found.
2024-03-04T17:32:05.032Z [Exchange] error: No active provider found.
2024-03-04T17:32:05.032Z [Exchange] info: Exchange failed to initialize
2024-03-04T17:32:05.032Z [Exchange] error: No active provider found.
2024-03-04T17:32:06.004Z [Exchange] error: No active provider found.
2024-03-04T17:32:07.031Z [Exchange] info: Reconnection failed, Trying again...
2024-03-04T17:32:07.032Z [Exchange] error: No active provider found.
2024-03-04T17:32:07.032Z [Exchange] info: Exchange failed to initialize
2024-03-04T17:32:07.032Z [Exchange] error: No active provider found.
2024-03-04T17:32:11.006Z [Exchange] error: No active provider found.
2024-03-04T17:32:11.032Z [Exchange] info: Reconnection failed, Trying again...
2024-03-04T17:32:11.033Z [Exchange] error: No active provider found.
2024-03-04T17:32:11.033Z [Exchange] info: Exchange failed to initialize
2024-03-04T17:32:11.033Z [Exchange] error: No active provider found.
2024-03-04T17:32:16.008Z [Exchange] error: No active provider found.
2024-03-04T17:32:19.033Z [Exchange] info: Reconnection failed, Trying again...
2024-03-04T17:32:19.034Z [Exchange] error: No active provider found.
2024-03-04T17:32:19.034Z [Exchange] info: Exchange failed to initialize
2024-03-04T17:32:19.034Z [Exchange] error: No active provider found.
2024-03-04T17:32:21.010Z [Exchange] error: No active provider found.
2024-03-04T17:32:26.013Z [Exchange] error: No active provider found.
2024-03-04T17:32:31.016Z [Exchange] error: No active provider found.
2024-03-04T17:32:35.034Z [Exchange] info: Reconnection failed, Trying again...
2024-03-04T17:32:35.036Z [Exchange] error: No active provider found.
2024-03-04T17:32:35.036Z [Exchange] info: Exchange failed to initialize
2024-03-04T17:32:35.036Z [Exchange] error: No active provider found.
2024-03-04T17:32:36.018Z [Exchange] error: No active provider found.
2024-03-04T17:32:41.021Z [Exchange] error: No active provider found.
2024-03-04T17:32:46.023Z [Exchange] error: No active provider found.
2024-03-04T17:32:51.025Z [Exchange] error: No active provider found.
2024-03-04T17:32:56.028Z [Exchange] error: No active provider found.
2024-03-04T17:33:01.031Z [Exchange] error: No active provider found.
2024-03-04T17:33:06.032Z [Exchange] error: No active provider found.
2024-03-04T17:33:07.035Z [Exchange] info: Reconnection failed, Trying again...
2024-03-04T17:33:07.035Z [Exchange] error: Max retries reached. Reconnection failed.
2024-03-04T17:33:11.034Z [Exchange] error: No active provider found.
2024-03-04T17:33:16.036Z [Exchange] error: No active provider found.
2024-03-04T17:33:21.038Z [Exchange] error: No active provider found.
2024-03-04T17:33:26.039Z [Exchange] error: No active provider found.
2024-03-04T17:33:31.041Z [Exchange] error: No active provider found.
2024-03-04T17:33:36.044Z [Exchange] error: No active provider found.
2024-03-04T17:33:41.046Z [Exchange] error: No active provider found.
2024-03-04T17:33:46.048Z [Exchange] error: No active provider found.
2024-03-04T17:33:51.051Z [Exchange] error: No active provider found.
2024-03-04T17:33:56.053Z [Exchange] error: No active provider found.
2024-03-04T17:34:01.055Z [Exchange] error: No active provider found.
2024-03-04T17:34:06.057Z [Exchange] error: No active provider found.
2024-03-04T17:34:11.059Z [Exchange] error: No active provider found.
2024-03-04T17:34:16.061Z [Exchange] error: No active provider found.
2024-03-04T17:34:21.064Z [Exchange] error: No active provider found.
2024-03-04T17:34:26.065Z [Exchange] error: No active provider found.
2024-03-04T17:34:31.067Z [Exchange] error: No active provider found.
2024-03-04T17:34:36.070Z [Exchange] error: No active provider found.
2024-03-04T17:34:41.071Z [Exchange] error: No active provider found.
2024-03-04T17:34:46.073Z [Exchange] error: No active provider found.
2024-03-04T17:34:51.075Z [Exchange] error: No active provider found.
2024-03-04T17:34:56.077Z [Exchange] error: No active provider found.
2024-03-04T17:35:01.079Z [Exchange] error: No active provider found.
2024-03-04T17:35:05.032Z [Exchange] error: No active provider found.
2024-03-04T17:35:05.032Z [Exchange] error: No active provider found.
2024-03-04T17:35:05.032Z [Exchange] info: Exchange failed to initialize
2024-03-04T17:35:06.081Z [Exchange] error: No active provider found.
2024-03-04T17:35:07.031Z [Exchange] info: Reconnection failed, Trying again...
2024-03-04T17:35:07.033Z [Exchange] error: No active provider found.
2024-03-04T17:35:07.033Z [Exchange] info: Exchange failed to initialize
2024-03-04T17:35:07.033Z [Exchange] error: No active provider found.
2024-03-04T17:35:11.032Z [Exchange] info: Reconnection failed, Trying again...
2024-03-04T17:35:11.034Z [Exchange] error: No active provider found.
2024-03-04T17:35:11.034Z [Exchange] info: Exchange failed to initialize
2024-03-04T17:35:11.034Z [Exchange] error: No active provider found.
2024-03-04T17:35:11.083Z [Exchange] error: No active provider found.
2024-03-04T17:35:16.085Z [Exchange] error: No active provider found.
2024-03-04T17:35:19.033Z [Exchange] info: Reconnection failed, Trying again...
2024-03-04T17:35:19.035Z [Exchange] error: No active provider found.
2024-03-04T17:35:19.035Z [Exchange] info: Exchange failed to initialize
2024-03-04T17:35:19.035Z [Exchange] error: No active provider found.
2024-03-04T17:35:21.092Z [Exchange] error: No active provider found.
2024-03-04T17:35:26.094Z [Exchange] error: No active provider found.
2024-03-04T17:35:31.097Z [Exchange] error: No active provider found.
2024-03-04T17:35:35.034Z [Exchange] info: Reconnection failed, Trying again...
2024-03-04T17:35:35.036Z [Exchange] error: No active provider found.
2024-03-04T17:35:35.036Z [Exchange] info: Exchange failed to initialize
2024-03-04T17:35:35.036Z [Exchange] error: No active provider found.
2024-03-04T17:35:36.099Z [Exchange] error: No active provider found.
2024-03-04T17:35:41.101Z [Exchange] error: No active provider found.
2024-03-04T17:35:46.103Z [Exchange] error: No active provider found.
2024-03-04T17:35:51.105Z [Exchange] error: No active provider found.
2024-03-04T17:35:56.107Z [Exchange] error: No active provider found.
2024-03-04T17:36:01.109Z [Exchange] error: No active provider found.
2024-03-04T17:36:06.112Z [Exchange] error: No active provider found.
2024-03-04T17:36:07.035Z [Exchange] info: Reconnection failed, Trying again...
2024-03-04T17:36:07.036Z [Exchange] error: Max retries reached. Reconnection failed.
2024-03-04T17:36:11.115Z [Exchange] error: No active provider found.
2024-03-04T17:36:16.118Z [Exchange] error: No active provider found.
2024-03-04T17:36:21.121Z [Exchange] error: No active provider found.
2024-03-04T17:36:26.126Z [Exchange] error: No active provider found.
2024-03-04T17:36:31.128Z [Exchange] error: No active provider found.
2024-03-04T17:36:36.130Z [Exchange] error: No active provider found.
2024-03-04T17:36:41.132Z [Exchange] error: No active provider found.
2024-03-04T17:36:46.134Z [Exchange] error: No active provider found.
2024-03-04T17:36:51.137Z [Exchange] error: No active provider found.
2024-03-04T17:36:56.140Z [Exchange] error: No active provider found.
2024-03-04T17:37:01.143Z [Exchange] error: No active provider found.
2024-03-04T17:37:06.145Z [Exchange] error: No active provider found.
2024-03-04T17:37:11.150Z [Exchange] error: No active provider found.
2024-03-04T17:37:16.154Z [Exchange] error: No active provider found.
2024-03-04T17:37:21.157Z [Exchange] error: No active provider found.
2024-03-04T17:37:26.162Z [Exchange] error: No active provider found.
2024-03-04T17:37:31.165Z [Exchange] error: No active provider found.
2024-03-04T17:37:36.167Z [Exchange] error: No active provider found.
2024-03-04T17:37:41.170Z [Exchange] error: No active provider found.
2024-03-04T17:37:46.173Z [Exchange] error: No active provider found.
2024-03-04T17:37:51.176Z [Exchange] error: No active provider found.
2024-03-04T17:37:56.191Z [Exchange] error: No active provider found.
2024-03-04T17:38:01.197Z [Exchange] error: No active provider found.
2024-03-04T17:38:05.033Z [Exchange] error: No active provider found.
2024-03-04T17:38:05.033Z [Exchange] info: Exchange failed to initialize
2024-03-04T17:38:05.033Z [Exchange] error: No active provider found.
2024-03-04T17:38:06.199Z [Exchange] error: No active provider found.
2024-03-04T17:38:07.032Z [Exchange] info: Reconnection failed, Trying again...
2024-03-04T17:38:07.034Z [Exchange] error: No active provider found.
2024-03-04T17:38:07.034Z [Exchange] info: Exchange failed to initialize
2024-03-04T17:38:07.034Z [Exchange] error: No active provider found.
2024-03-04T17:38:11.033Z [Exchange] info: Reconnection failed, Trying again...
2024-03-04T17:38:11.035Z [Exchange] error: No active provider found.
2024-03-04T17:38:11.036Z [Exchange] info: Exchange failed to initialize
2024-03-04T17:38:11.036Z [Exchange] error: No active provider found.
2024-03-04T17:38:11.201Z [Exchange] error: No active provider found.
2024-03-04T17:38:16.204Z [Exchange] error: No active provider found.
2024-03-04T17:38:19.035Z [Exchange] info: Reconnection failed, Trying again...
2024-03-04T17:38:19.038Z [Exchange] error: No active provider found.
2024-03-04T17:38:19.038Z [Exchange] info: Exchange failed to initialize
2024-03-04T17:38:19.038Z [Exchange] error: No active provider found.
2024-03-04T17:38:21.207Z [Exchange] error: No active provider found.
2024-03-04T17:38:26.209Z [Exchange] error: No active provider found.
2024-03-04T17:38:31.212Z [Exchange] error: No active provider found.
2024-03-04T17:38:35.036Z [Exchange] info: Reconnection failed, Trying again...
2024-03-04T17:38:35.038Z [Exchange] error: No active provider found.
2024-03-04T17:38:35.038Z [Exchange] info: Exchange failed to initialize
2024-03-04T17:38:35.038Z [Exchange] error: No active provider found.
2024-03-04T17:38:36.213Z [Exchange] error: No active provider found.
2024-03-04T17:38:41.215Z [Exchange] error: No active provider found.
